c:\users\etran\documents\work\ft_vox\x64\debug\vc143.pdb
c:\users\etran\documents\work\ft_vox\x64\debug\vc143.idb
c:\users\etran\documents\work\ft_vox\x64\debug\image_handler.obj
c:\users\etran\documents\work\ft_vox\x64\debug\perlin_noise.obj
c:\users\etran\documents\work\ft_vox\x64\debug\cube.obj
c:\users\etran\documents\work\ft_vox\x64\debug\gameplay.obj
c:\users\etran\documents\work\ft_vox\x64\debug\player.obj
c:\users\etran\documents\work\ft_vox\x64\debug\character.obj
c:\users\etran\documents\work\ft_vox\x64\debug\window.obj
c:\users\etran\documents\work\ft_vox\x64\debug\texture_sampler.obj
c:\users\etran\documents\work\ft_vox\x64\debug\swap_chain.obj
c:\users\etran\documents\work\ft_vox\x64\debug\render_pass.obj
c:\users\etran\documents\work\ft_vox\x64\debug\input_buffer.obj
c:\users\etran\documents\work\ft_vox\x64\debug\image_buffer.obj
c:\users\etran\documents\work\ft_vox\x64\debug\engine.obj
c:\users\etran\documents\work\ft_vox\x64\debug\device.obj
c:\users\etran\documents\work\ft_vox\x64\debug\descriptor_set.obj
c:\users\etran\documents\work\ft_vox\x64\debug\debug_module.obj
c:\users\etran\documents\work\ft_vox\x64\debug\command_pool.obj
c:\users\etran\documents\work\ft_vox\x64\debug\command_buffer.obj
c:\users\etran\documents\work\ft_vox\x64\debug\buffer.obj
c:\users\etran\documents\work\ft_vox\x64\debug\app.obj
c:\users\etran\documents\work\ft_vox\x64\debug\matrix.obj
c:\users\etran\documents\work\ft_vox\x64\debug\main.obj
c:\users\etran\documents\work\ft_vox\x64\debug\parser.obj
c:\users\etran\documents\work\ft_vox\x64\debug\obj_parser.obj
c:\users\etran\documents\work\ft_vox\x64\debug\mtl_parser.obj
c:\users\etran\documents\work\ft_vox\x64\debug\model.obj
c:\users\etran\documents\work\ft_vox\x64\debug\ppm_loader.obj
c:\users\etran\documents\work\ft_vox\x64\debug\ft_vox.ilk
c:\users\etran\documents\work\ft_vox\x64\debug\ft_vox.exe
c:\users\etran\documents\work\ft_vox\x64\debug\ft_vox.pdb
c:\users\etran\documents\work\ft_vox\x64\debug\ft_vox.tlog\cl.command.1.tlog
c:\users\etran\documents\work\ft_vox\x64\debug\ft_vox.tlog\cl.items.tlog
c:\users\etran\documents\work\ft_vox\x64\debug\ft_vox.tlog\cl.read.1.tlog
c:\users\etran\documents\work\ft_vox\x64\debug\ft_vox.tlog\cl.write.1.tlog
c:\users\etran\documents\work\ft_vox\x64\debug\ft_vox.tlog\fxc.command.1.tlog
c:\users\etran\documents\work\ft_vox\x64\debug\ft_vox.tlog\fxc.read.1.tlog
c:\users\etran\documents\work\ft_vox\x64\debug\ft_vox.tlog\link.command.1.tlog
c:\users\etran\documents\work\ft_vox\x64\debug\ft_vox.tlog\link.read.1.tlog
c:\users\etran\documents\work\ft_vox\x64\debug\ft_vox.tlog\link.write.1.tlog
